0 info it worked if it ends with ok
1 verbose cli [ 'C:\\Program Files\\nodejs\\node.exe',
1 verbose cli   'C:\\Program Files\\nodejs\\node_modules\\npm\\bin\\npm-cli.js',
1 verbose cli   'run',
1 verbose cli   'build' ]
2 info using npm@3.10.10
3 info using node@v6.13.0
4 verbose run-script [ 'prebuild', 'build', 'postbuild' ]
5 info lifecycle ex-18-chat@1.0.0~prebuild: ex-18-chat@1.0.0
6 silly lifecycle ex-18-chat@1.0.0~prebuild: no script for prebuild, continuing
7 info lifecycle ex-18-chat@1.0.0~build: ex-18-chat@1.0.0
8 verbose lifecycle ex-18-chat@1.0.0~build: unsafe-perm in lifecycle true
9 verbose lifecycle ex-18-chat@1.0.0~build: PATH: C:\Program Files\nodejs\node_modules\npm\bin\node-gyp-bin;C:\Users\Leszek Nowak\Desktop\kodilla\modul_18\ex-18-chat\node_modules\.bin;C:\Users\Leszek Nowak\bin;C:\Program Files\Git\mingw64\bin;C:\Program Files\Git\usr\local\bin;C:\Program Files\Git\usr\bin;C:\Program Files\Git\usr\bin;C:\Program Files\Git\mingw64\bin;C:\Program Files\Git\usr\bin;C:\Users\Leszek Nowak\bin;C:\Program Files (x86)\Intel\iCLS Client;C:\Program Files\Intel\iCLS Client;C:\Windows\system32;C:\Windows;C:\Windows\System32\Wbem;C:\Windows\System32\WindowsPowerShell\v1.0;C:\Program Files\Intel\Intel(R) Management Engine Components\DAL;C:\Program Files\Intel\Intel(R) Management Engine Components\IPT;C:\Program Files (x86)\Intel\Intel(R) Management Engine Components\DAL;C:\Program Files (x86)\Intel\Intel(R) Management Engine Components\IPT;C:\Program Files (x86)\ATI Technologies\ATI.ACE\Core-Static;C:\Program Files\Intel\WiFi\bin;C:\Program Files\Common Files\Intel\WirelessCommon;C:\Program Files (x86)\Microsoft SQL Server\100\Tools\Binn;C:\Program Files (x86)\Microsoft SQL Server\100\DTS\Binn;C:\ProgramData\PZU\TitusPlus;C:\Program Files\Common Files\Autodesk Shared;C:\Program Files\Git\cmd;C:\Program Files\nodejs;C:\Program Files (x86)\Brackets\command;C:\Ruby24-x64\bin;C:\Users\Leszek Nowak\AppData\Local\GitHubDesktop\bin;C:\Users\Leszek Nowak\AppData\Roaming\npm;C:\Program Files\Git\usr\bin\vendor_perl;C:\Program Files\Git\usr\bin\core_perl
10 verbose lifecycle ex-18-chat@1.0.0~build: CWD: C:\Users\Leszek Nowak\Desktop\kodilla\modul_18\ex-18-chat
11 silly lifecycle ex-18-chat@1.0.0~build: Args: [ '/d /s /c', 'set NODE_ENV=production&webpack' ]
12 silly lifecycle ex-18-chat@1.0.0~build: Returned: code: 4294967295  signal: null
13 info lifecycle ex-18-chat@1.0.0~build: Failed to exec build script
14 verbose stack Error: ex-18-chat@1.0.0 build: `set NODE_ENV=production&webpack`
14 verbose stack Exit status 4294967295
14 verbose stack     at EventEmitter.<anonymous> (C:\Program Files\nodejs\node_modules\npm\lib\utils\lifecycle.js:255:16)
14 verbose stack     at emitTwo (events.js:106:13)
14 verbose stack     at EventEmitter.emit (events.js:191:7)
14 verbose stack     at ChildProcess.<anonymous> (C:\Program Files\nodejs\node_modules\npm\lib\utils\spawn.js:40:14)
14 verbose stack     at emitTwo (events.js:106:13)
14 verbose stack     at ChildProcess.emit (events.js:191:7)
14 verbose stack     at maybeClose (internal/child_process.js:920:16)
14 verbose stack     at Process.ChildProcess._handle.onexit (internal/child_process.js:230:5)
15 verbose pkgid ex-18-chat@1.0.0
16 verbose cwd C:\Users\Leszek Nowak\Desktop\kodilla\modul_18\ex-18-chat
17 error Windows_NT 6.3.9600
18 error argv "C:\\Program Files\\nodejs\\node.exe" "C:\\Program Files\\nodejs\\node_modules\\npm\\bin\\npm-cli.js" "run" "build"
19 error node v6.13.0
20 error npm  v3.10.10
21 error code ELIFECYCLE
22 error ex-18-chat@1.0.0 build: `set NODE_ENV=production&webpack`
22 error Exit status 4294967295
23 error Failed at the ex-18-chat@1.0.0 build script 'set NODE_ENV=production&webpack'.
23 error Make sure you have the latest version of node.js and npm installed.
23 error If you do, this is most likely a problem with the ex-18-chat package,
23 error not with npm itself.
23 error Tell the author that this fails on your system:
23 error     set NODE_ENV=production&webpack
23 error You can get information on how to open an issue for this project with:
23 error     npm bugs ex-18-chat
23 error Or if that isn't available, you can get their info via:
23 error     npm owner ls ex-18-chat
23 error There is likely additional logging output above.
24 verbose exit [ 1, true ]
